<?xml version="1.0" encoding="UTF-8"?>
<testsuite xmlns:xsi="http://www.w3.org/2001/XMLSchema-instance" xsi:noNamespaceSchemaLocation="https://maven.apache.org/surefire/maven-surefire-plugin/xsd/surefire-test-report-3.0.xsd" version="3.0" name="com.example.test.RabbitTest" time="0.01" tests="7" errors="0" skipped="0" failures="0">
  <properties>
[...]
</properties>
  <testcase name="eatTest" classname="com.example.test.RabbitTest" time="0.0">
    <system-out><![CDATA[yo
]]></system-out>
  </testcase>
  <testcase name="usingToiletTest" classname="com.example.test.RabbitTest" time="0.002">
    <system-out><![CDATA[yo
HUNGER MAX = 0.97
HUNGER MAX = 0.94
HUNGER MAX = 0.91
HUNGER MAX = 0.88
HUNGER MAX = 0.85
HUNGER MAX = 0.82
HUNGER MAX = 0.79
HUNGER MAX = 0.76
HUNGER MAX = 0.73
HUNGER MAX = 0.7
HUNGER MAX = 0.67
HUNGER MAX = 0.64
HUNGER MAX = 0.61
HUNGER MAX = 0.58
]]></system-out>
  </testcase>
  <testcase name="playingTest" classname="com.example.test.RabbitTest" time="0.001">
    <system-out><![CDATA[yo
HUNGER MAX = 0.97
HUNGER MAX = 0.94
HUNGER MAX = 0.91
HUNGER MAX = 0.88
HUNGER MAX = 0.85
HUNGER MAX = 0.82
HUNGER MAX = 0.79
HUNGER MAX = 0.76
HUNGER MAX = 0.73
HUNGER MAX = 0.7
]]></system-out>
  </testcase>
  <testcase name="washingTest" classname="com.example.test.RabbitTest" time="0.002">
    <system-out><![CDATA[yo
HUNGER MAX = 0.97
HUNGER MAX = 0.94
HUNGER MAX = 0.91
HUNGER MAX = 0.88
HUNGER MAX = 0.85
HUNGER MAX = 0.82
HUNGER MAX = 0.79
HUNGER MAX = 0.76
HUNGER MAX = 0.73
HUNGER MAX = 0.7
HUNGER MAX = 0.67
HUNGER MAX = 0.64
HUNGER MAX = 0.61
HUNGER MAX = 0.58
HUNGER MAX = 0.55
HUNGER MAX = 0.52
HUNGER MAX = 0.49
HUNGER MAX = 0.46
HUNGER MAX = 0.43
HUNGER MAX = 0.4
]]></system-out>
  </testcase>
  <testcase name="sleepingTest" classname="com.example.test.RabbitTest" time="0.001">
    <system-out><![CDATA[yo
HUNGER MAX = 0.97
HUNGER MAX = 0.94
HUNGER MAX = 0.91
HUNGER MAX = 0.88
HUNGER MAX = 0.85
HUNGER MAX = 0.82
HUNGER MAX = 0.79
HUNGER MAX = 0.76
HUNGER MAX = 0.73
HUNGER MAX = 0.7
HUNGER MAX = 0.67
HUNGER MAX = 0.64
HUNGER MAX = 0.61
HUNGER MAX = 0.58
HUNGER MAX = 0.55
HUNGER MAX = 0.52
HUNGER MAX = 0.49
HUNGER MAX = 0.46
]]></system-out>
  </testcase>
  <testcase name="doingSportTest" classname="com.example.test.RabbitTest" time="0.002">
    <system-out><![CDATA[yo
HUNGER MAX = 0.9
HUNGER MAX = 0.87
HUNGER MAX = 0.84
HUNGER MAX = 0.81
HUNGER MAX = 0.78
HUNGER MAX = 0.75
HUNGER MAX = 0.72
HUNGER MAX = 0.69
HUNGER MAX = 0.66
HUNGER MAX = 0.63
HUNGER MAX = 0.6
HUNGER MAX = 0.57
HUNGER MAX = 0.54
HUNGER MAX = 0.51
HUNGER MAX = 0.48
HUNGER MAX = 0.45
HUNGER MAX = 0.42
]]></system-out>
  </testcase>
  <testcase name="creationTest" classname="com.example.test.RabbitTest" time="0.001">
    <system-out><![CDATA[yo
]]></system-out>
  </testcase>
</testsuite>